<?xml version="1.0" encoding="UTF-8"?>
<!-- Generated by org.testng.reporters.JUnitReportReporter -->
<testsuite name="org.testing.TestScripts.TC3_Get_Request_AllData" tests="1" time="0.246" ignored="0" failures="0" timestamp="27 Dec 2020 18:50:58 GMT" skipped="0" hostname="DESKTOP-30FNJH5" errors="0">
  <testcase name="thirdTC" time="0.246" classname="org.testing.TestScripts.TC3_Get_Request_AllData"/>
</testsuite> <!-- org.testing.TestScripts.TC3_Get_Request_AllData -->
