<?xml version="1.0" encoding="UTF-8"?>
<!-- Generated by org.testng.reporters.JUnitReportReporter -->
<testsuite name="org.testing.TestScripts.TC2_Get_TestCase" tests="1" time="0.107" ignored="1" failures="0" timestamp="27 Dec 2020 18:52:43 GMT" skipped="0" hostname="DESKTOP-30FNJH5" errors="0">
  <testcase name="testcase2" time="0.107" classname="org.testing.TestScripts.TC2_Get_TestCase"/>
  <testcase name="thirdTC" classname="org.testing.TestScripts.TC3_Get_Request_AllData">
    <skipped/>
  </testcase> <!-- thirdTC -->
</testsuite> <!-- org.testing.TestScripts.TC2_Get_TestCase -->
